Build started 4/26/2012 4:39:43 PM.
Project "C:\Users\Travis Brown\Documents\Visual Studio 2010\Projects\GenAlg\GenAlg.vcxproj" on node 2 (build target(s)).
InitializeBuildStatus:
  Creating "Debug\GenAlg.unsuccessfulbuild" because "AlwaysCreate" was specified.
ClCompile:
  C:\Program Files (x86)\Microsoft Visual Studio 10.0\VC\bin\CL.exe /c /ZI /nologo /W3 /WX- /Od /Oy- /D WIN32 /D _DEBUG /D _WINDOWS /Gm /EHsc /RTC1 /MDd /GS /fp:precise /Zc:wchar_t /Zc:forScope /Fo"Debug\\" /Fd"Debug\vc100.pdb" /Gd /TP /analyze- /errorReport:prompt GeneticAlgorithm.cpp GeneticAlgorithmMap.cpp main.cpp Utilities.cpp
  Utilities.cpp
  main.cpp
c:\users\travis brown\documents\visual studio 2010\projects\genalg\main.cpp(13): error C2512: 'GeneticAlgorithm' : no appropriate default constructor available
c:\users\travis brown\documents\visual studio 2010\projects\genalg\main.cpp(31): error C2679: binary '=' : no operator found which takes a right-hand operand of type 'GeneticAlgorithm *' (or there is no acceptable conversion)
          c:\users\travis brown\documents\visual studio 2010\projects\genalg\geneticalgorithm.h(94): could be 'GeneticAlgorithm &GeneticAlgorithm::operator =(const GeneticAlgorithm &)'
          while trying to match the argument list '(GeneticAlgorithm, GeneticAlgorithm *)'
c:\users\travis brown\documents\visual studio 2010\projects\genalg\main.cpp(57): error C2819: type 'GeneticAlgorithm' does not have an overloaded member 'operator ->'
          c:\users\travis brown\documents\visual studio 2010\projects\genalg\geneticalgorithm.h(28) : see declaration of 'GeneticAlgorithm'
          did you intend to use '.' instead?
c:\users\travis brown\documents\visual studio 2010\projects\genalg\main.cpp(57): error C2232: '->GeneticAlgorithm::Execute' : left operand has 'class' type, use '.'
c:\users\travis brown\documents\visual studio 2010\projects\genalg\main.cpp(71): error C2819: type 'GeneticAlgorithm' does not have an overloaded member 'operator ->'
          c:\users\travis brown\documents\visual studio 2010\projects\genalg\geneticalgorithm.h(28) : see declaration of 'GeneticAlgorithm'
          did you intend to use '.' instead?
c:\users\travis brown\documents\visual studio 2010\projects\genalg\main.cpp(71): error C2232: '->GeneticAlgorithm::Stop' : left operand has 'class' type, use '.'
c:\users\travis brown\documents\visual studio 2010\projects\genalg\main.cpp(104): error C2819: type 'GeneticAlgorithm' does not have an overloaded member 'operator ->'
          c:\users\travis brown\documents\visual studio 2010\projects\genalg\geneticalgorithm.h(28) : see declaration of 'GeneticAlgorithm'
          did you intend to use '.' instead?
c:\users\travis brown\documents\visual studio 2010\projects\genalg\main.cpp(104): error C2232: '->GeneticAlgorithm::Render' : left operand has 'class' type, use '.'
c:\users\travis brown\documents\visual studio 2010\projects\genalg\main.cpp(123): error C2440: 'delete' : cannot convert from 'GeneticAlgorithm' to 'void *'
          No user-defined-conversion operator available that can perform this conversion, or the operator cannot be called
c:\users\travis brown\documents\visual studio 2010\projects\genalg\main.cpp(190): error C2819: type 'GeneticAlgorithm' does not have an overloaded member 'operator ->'
          c:\users\travis brown\documents\visual studio 2010\projects\genalg\geneticalgorithm.h(28) : see declaration of 'GeneticAlgorithm'
          did you intend to use '.' instead?
c:\users\travis brown\documents\visual studio 2010\projects\genalg\main.cpp(190): error C2232: '->GeneticAlgorithm::Started' : left operand has 'class' type, use '.'
c:\users\travis brown\documents\visual studio 2010\projects\genalg\main.cpp(192): error C2819: type 'GeneticAlgorithm' does not have an overloaded member 'operator ->'
          c:\users\travis brown\documents\visual studio 2010\projects\genalg\geneticalgorithm.h(28) : see declaration of 'GeneticAlgorithm'
          did you intend to use '.' instead?
c:\users\travis brown\documents\visual studio 2010\projects\genalg\main.cpp(192): error C2232: '->GeneticAlgorithm::Epoch' : left operand has 'class' type, use '.'
  GeneticAlgorithmMap.cpp
  GeneticAlgorithm.cpp
  Generating Code...
Done Building Project "C:\Users\Travis Brown\Documents\Visual Studio 2010\Projects\GenAlg\GenAlg.vcxproj" (build target(s)) -- FAILED.

Build FAILED.

Time Elapsed 00:00:03.89
